Exporter version: 5.2.0, Blender version: 2.79 (sub 0)
========= Conversion from Blender to Babylon.js =========
	Scene settings used:
		selected layers only:  false
		flat shading entire scene:  false
		inline textures:  false
		texture directory:  Z:\GITHUB\edge\Kursach\scene\
	Python World class constructor completed
	WARNING: No active camera has been assigned, or is not in a currently selected Blender layer
	processing begun of mesh:  monkey
		processing begun of Standard material:  monkey
			Diffuse texture found "Diffuse"
				Image texture found, type:  diffuseTexture, mapped using: "UVMap"
				WARNING: Opacity non-std way to indicate opacity, use material alpha to also use Opacity texture
		num positions      :  4
		num normals        :  4
		num uvs            :  8
		num uvs2           :  0
		num colors         :  0
		num indices        :  6
========= Writing of scene file started =========
========= Writing of scene file completed =========
========= end of processing =========
elapsed time:  0 min, 0.068 secs
